<?xml version="1.0" encoding="UTF-8"?>
<!-- Generated by org.testng.reporters.JUnitReportReporter -->
<testsuite skipped="0" hostname="DESKTOP-V123S32" name="testcases.suite.stock.AddStockTest" tests="2" failures="0" timestamp="2021-09-22T07:06:35 IST" time="0.018" errors="0">
  <testcase name="addStockTest" time="0.009" classname="testcases.suite.stock.AddStockTest"/>
  <testcase name="addStockTest" time="0.009" classname="testcases.suite.stock.AddStockTest"/>
</testsuite> <!-- testcases.suite.stock.AddStockTest -->
