<?xml version="1.0" encoding="UTF-8"?>
<!-- Generated by org.testng.reporters.JUnitReportReporter -->
<testsuite skipped="2" hostname="DESKTOP-V123S32" name="testcases.suite.portfolio.DeletePortfolioTest" tests="2" failures="0" timestamp="2021-09-16T07:22:36 IST" time="0.025" errors="0">
  <testcase name="deletePortFolio" time="0.015" classname="testcases.suite.portfolio.DeletePortfolioTest">
    <skipped/>
  </testcase> <!-- deletePortFolio -->
  <testcase name="deletePortFolio" time="0.010" classname="testcases.suite.portfolio.DeletePortfolioTest">
    <skipped/>
  </testcase> <!-- deletePortFolio -->
</testsuite> <!-- testcases.suite.portfolio.DeletePortfolioTest -->
