<?xml version="1.0" encoding="UTF-8"?>
<!-- Generated by org.testng.reporters.JUnitReportReporter -->
<testsuite skipped="0" hostname="DESKTOP-FVRAVKU" name="testcases.suite.stock.AddStockTest" tests="1" failures="0" timestamp="2021-09-27T13:04:53 IST" time="1.177" errors="0">
  <testcase name="addStockTest" time="1.177" classname="testcases.suite.stock.AddStockTest"/>
</testsuite> <!-- testcases.suite.stock.AddStockTest -->
