<?xml version="1.0" encoding="UTF-8"?>
<!-- Generated by org.testng.reporters.JUnitReportReporter -->
<testsuite skipped="2" hostname="DESKTOP-FVRAVKU" name="testcases.suite.portfolio.CreatePortfolioTest" tests="3" failures="0" timestamp="2021-09-27T13:04:53 IST" time="11.109" errors="0">
  <testcase name="createPortFolio" time="11.067" classname="testcases.suite.portfolio.CreatePortfolioTest"/>
  <testcase name="createPortFolio" time="0.024" classname="testcases.suite.portfolio.CreatePortfolioTest">
    <skipped/>
  </testcase> <!-- createPortFolio -->
  <testcase name="createPortFolio" time="0.018" classname="testcases.suite.portfolio.CreatePortfolioTest">
    <skipped/>
  </testcase> <!-- createPortFolio -->
</testsuite> <!-- testcases.suite.portfolio.CreatePortfolioTest -->
