<?xml version="1.0" encoding="UTF-8"?>
<!-- Generated by org.testng.reporters.JUnitReportReporter -->
<testsuite skipped="1" hostname="DESKTOP-FVRAVKU" name="testcases.suite.portfolio.DeletePortfolioTest" tests="2" failures="0" timestamp="2021-09-27T13:15:18 IST" time="8.232" errors="0">
  <testcase name="deletePortFolio" time="0.042" classname="testcases.suite.portfolio.DeletePortfolioTest">
    <skipped/>
  </testcase> <!-- deletePortFolio -->
  <testcase name="deletePortFolio" time="8.190" classname="testcases.suite.portfolio.DeletePortfolioTest"/>
</testsuite> <!-- testcases.suite.portfolio.DeletePortfolioTest -->
