<?xml version="1.0" encoding="UTF-8"?>
<!-- Generated by org.testng.reporters.JUnitReportReporter -->
<testsuite skipped="2" hostname="DESKTOP-FVRAVKU" name="testcases.suite.portfolio.CreatePortfolioTest" tests="3" failures="0" timestamp="2021-09-27T13:16:03 IST" time="10.697" errors="0">
  <testcase name="createPortFolio" time="0.032" classname="testcases.suite.portfolio.CreatePortfolioTest">
    <skipped/>
  </testcase> <!-- createPortFolio -->
  <testcase name="createPortFolio" time="10.642" classname="testcases.suite.portfolio.CreatePortfolioTest"/>
  <testcase name="createPortFolio" time="0.023" classname="testcases.suite.portfolio.CreatePortfolioTest">
    <skipped/>
  </testcase> <!-- createPortFolio -->
</testsuite> <!-- testcases.suite.portfolio.CreatePortfolioTest -->
